During startup - Warning message:
Setting LC_CTYPE failed, using "C" 
Loading required package: xml2
[1] "Done with page 1"
[1] "Done with page 2"
[1] "Done with page 3"
[1] "Done with page 4"
[1] "Done with page 5"
[1] "Done with page 6"
[1] "Done with page 7"
[1] "Done with page 8"
[1] "Done with page 9"
[1] "Done with page 10"
[1] "Done with page 11"
[1] "Done with page 12"
[1] "Done with page 13"
[1] "Done with page 14"
[1] "Done with page 15"
[1] "Done with page 16"
[1] "Done with page 17"
[1] "Done with page 18"
[1] "Done with page 19"
[1] "Done with page 20"
[1] "Done with page 21"
[1] "Done with page 22"
[1] "Done with page 23"
[1] "Done with page 24"
[1] "Done with page 25"
[1] "Done with page 26"
[1] "Done with page 27"
[1] "Done with page 28"
[1] "Done with page 29"
During startup - Warning message:
Setting LC_CTYPE failed, using "C" 
Loading required package: xml2
[1] "Done with page 1"
[1] "Done with page 2"
[1] "Done with page 3"
[1] "Done with page 4"
[1] "Done with page 5"
[1] "Done with page 6"
[1] "Done with page 7"
[1] "Done with page 8"
[1] "Done with page 9"
[1] "Done with page 10"
[1] "Done with page 11"
[1] "Done with page 12"
[1] "Done with page 13"
[1] "Done with page 14"
[1] "Done with page 15"
[1] "Done with page 16"
[1] "Done with page 17"
[1] "Done with page 18"
[1] "Done with page 19"
[1] "Done with page 20"
[1] "Done with page 21"
[1] "Done with page 22"
[1] "Done with page 23"
[1] "Done with page 24"
[1] "Done with page 25"
[1] "Done with page 26"
[1] "Done with page 27"
[1] "Done with page 28"
[1] "Done with page 29"
[1] "Done with page 30"
[1] "Done with page 31"
[1] "Done with page 32"
[1] "Done with page 33"
[1] "Done with page 34"
[1] "Done with page 35"
[1] "Done with page 36"
[1] "Done with page 37"
[1] "Done with page 38"
[1] "Done with page 39"
[1] "Done with page 40"
[1] "Done with page 41"
[1] "Done with page 42"
[1] "Done with page 43"
[1] "Done with page 44"
[1] "Done with page 45"
[1] "Done with page 46"
[1] "Done with page 47"
[1] "Done with page 48"
[1] "Done with page 49"
[1] "Done with page 50"
[1] "Done with page 51"
[1] "Done with page 52"
[1] "Done with page 53"
[1] "Done with page 54"
[1] "Done with page 55"
[1] "Done with page 56"
[1] "Done with page 57"
[1] "Done with page 58"
[1] "Done with page 59"
[1] "Done with page 60"
[1] "Done with page 61"
[1] "Done with page 62"
[1] "Done with page 63"
[1] "Done with page 64"
[1] "Done with page 65"
[1] "Done with page 66"
[1] "Done with page 67"
[1] "Done with page 68"
[1] "Done with page 69"
[1] "Done with page 70"
[1] "Done with page 71"
[1] "Done with page 72"
[1] "Done with page 73"
[1] "Done with page 74"
[1] "Done with page 75"
[1] "Done with page 76"
[1] "Done with page 77"
[1] "Done with page 78"
[1] "Done with page 79"
[1] "Done with page 80"
[1] "Done with page 81"
[1] "Done with page 82"
[1] "Done with page 83"
[1] "Done with page 84"
[1] "Done with page 85"
[1] "Done with page 86"
[1] "Done with page 87"
[1] "Done with page 88"
[1] "Done with page 89"
[1] "Done with page 90"
[1] "Done with page 91"
[1] "Done with page 92"
[1] "Done with page 93"
[1] "Done with page 94"
[1] "Done with page 95"
[1] "Done with page 96"
[1] "Done with page 97"
[1] "Done with page 98"
[1] "Done with page 99"
[1] "Done with page 100"
[1] "Done with page 101"
[1] "Done with page 102"
[1] "Done with page 103"
[1] "Done with page 104"
[1] "Done with page 105"
[1] "Done with page 106"
[1] "Done with page 107"
[1] "Done with page 108"
[1] "Done with page 109"
[1] "Done with page 110"
[1] "Done with page 111"
[1] "Done with page 112"
[1] "Done with page 113"
[1] "Done with page 114"
[1] "Done with page 115"
[1] "Done with page 116"
[1] "Done with page 117"
[1] "Done with page 118"
[1] "Done with page 119"
[1] "Done with page 120"
[1] "Done with page 121"
[1] "Done with page 122"
[1] "Done with page 123"
[1] "Done with page 124"
[1] "Done with page 125"
[1] "Done with page 126"
[1] "Done with page 127"
[1] "Done with page 128"
[1] "Done with page 129"
[1] "Done with page 130"
[1] "Done with page 131"
[1] "Done with page 132"
[1] "Done with page 133"
[1] "Done with page 134"
[1] "Done with page 135"
[1] "Done with page 136"
[1] "Done with page 137"
[1] "Done with page 138"
[1] "Done with page 139"
[1] "Done with page 140"
[1] "Done with page 141"
[1] "Done with page 142"
[1] "Done with page 143"
[1] "Done with page 144"
[1] "Done with page 145"
[1] "Done with page 146"
[1] "Done with page 147"
[1] "Done with page 148"
[1] "Done with page 149"
[1] "Done with page 150"
[1] "Done with page 151"
[1] "Done with page 152"
[1] "Done with page 153"
[1] "Done with page 154"
[1] "Done with page 155"
[1] "Done with page 156"
[1] "Done with page 157"
[1] "Done with page 158"
[1] "Done with page 159"
[1] "Done with page 160"
[1] "Done with page 161"
[1] "Done with page 162"
[1] "Done with page 163"
[1] "Done with page 164"
[1] "Done with page 165"
[1] "Done with page 166"
[1] "Done with page 167"
[1] "Done with page 168"
[1] "Done with page 169"
[1] "Done with page 170"
[1] "Done with page 171"
[1] "Done with page 172"
[1] "Done with page 173"
[1] "Done with page 174"
[1] "Done with page 175"
[1] "Done with page 176"
[1] "Done with page 177"
[1] "Done with page 178"
[1] "Done with page 179"
[1] "Done with page 180"
[1] "Done with page 181"
[1] "Done with page 182"
[1] "Done with page 183"
[1] "Done with page 184"
[1] "Done with page 185"
[1] "Done with page 186"
[1] "Done with page 187"
[1] "Done with page 188"
[1] "Done with page 189"
[1] "Done with page 190"
[1] "Done with page 191"
[1] "Done with page 192"
[1] "Done with page 193"
[1] "Done with page 194"
[1] "Done with page 195"
[1] "Done with page 196"
[1] "Done with page 197"
[1] "Done with page 198"
[1] "Done with page 199"
[1] "Done with page 200"
[1] "Done with page 201"
[1] "Done with page 202"
[1] "Done with page 203"
[1] "Done with page 204"
[1] "Done with page 205"
[1] "Done with page 206"
[1] "Done with page 207"
[1] "Done with page 208"
[1] "Done with page 209"
[1] "Done with page 210"
[1] "Done with page 211"
[1] "Done with page 212"
[1] "Done with page 213"
[1] "Done with page 214"
[1] "Done with page 215"
[1] "Done with page 216"
[1] "Done with page 217"
[1] "Done with page 218"
[1] "Done with page 219"
[1] "Done with page 220"
[1] "Done with page 221"
[1] "Done with page 222"
[1] "Done with page 223"
[1] "Done with page 224"
[1] "Done with page 225"
[1] "Done with page 226"
[1] "Done with page 227"
[1] "Done with page 228"
[1] "Done with page 229"
[1] "Done with page 230"
[1] "Done with page 231"
[1] "Done with page 232"
[1] "Done with page 233"
[1] "Done with page 234"
[1] "Done with page 235"
[1] "Done with page 236"
[1] "Done with page 237"
[1] "Done with page 238"
[1] "Done with page 239"
[1] "Done with page 240"
[1] "Done with page 241"
[1] "Done with page 242"
[1] "Done with page 243"
[1] "Done with page 244"
[1] "Done with page 245"
[1] "Done with page 246"
[1] "Done with page 247"
[1] "Done with page 248"
[1] "Done with page 249"
[1] "Done with page 250"
[1] "Done with page 251"
[1] "Done with page 252"
[1] "Done with page 253"
[1] "Done with page 254"
[1] "Done with page 255"
[1] "Done with page 256"
[1] "Done with page 257"
[1] "Done with page 258"
[1] "Done with page 259"
[1] "Done with page 260"
[1] "Done with page 261"
[1] "Done with page 262"
[1] "Done with page 263"
[1] "Done with page 264"
[1] "Done with page 265"
[1] "Done with page 266"
[1] "Done with page 267"
[1] "Done with page 268"
[1] "Done with page 269"
[1] "Done with page 270"
[1] "Done with page 271"
[1] "Done with page 272"
[1] "Done with page 273"
[1] "Done with page 274"
[1] "Done with page 275"
[1] "Done with page 276"
[1] "Done with page 277"
[1] "Done with page 278"
[1] "Done with page 279"
[1] "Done with page 280"
[1] "Done with page 281"
[1] "Done with page 282"
[1] "Done with page 283"
[1] "Done with page 284"
[1] "Done with page 285"
[1] "Done with page 286"
[1] "Done with page 287"
[1] "Done with page 288"
[1] "Done with page 289"
[1] "Done with page 290"
[1] "Done with page 291"
[1] "Done with page 292"
[1] "Done with page 293"
[1] "Done with page 294"
[1] "Done with page 295"
[1] "Done with page 296"
[1] "Done with page 297"
[1] "Done with page 298"
[1] "Done with page 299"
[1] "Done with page 300"
[1] "Done with page 301"
[1] "Done with page 302"
[1] "Done with page 303"
[1] "Done with page 304"
[1] "Done with page 305"
[1] "Done with page 306"
[1] "Done with page 307"
[1] "Done with page 308"
[1] "Done with page 309"
[1] "Done with page 310"
[1] "Done with page 311"
[1] "Done with page 312"
[1] "Done with page 313"
[1] "Done with page 314"
[1] "Done with page 315"
[1] "Done with page 316"
[1] "Done with page 317"
[1] "Done with page 318"
[1] "Done with page 319"
[1] "Done with page 320"
[1] "Done with page 321"
[1] "Done with page 322"
[1] "Done with page 323"
[1] "Done with page 324"
[1] "Done with page 325"
[1] "Done with page 326"
[1] "Done with page 327"
[1] "Done with page 328"
[1] "Done with page 329"
[1] "Done with page 330"
[1] "Done with page 331"
[1] "Done with page 332"
[1] "Done with page 333"
[1] "Done with page 334"
[1] "Done with page 335"
[1] "Done with page 336"
[1] "Done with page 337"
[1] "Done with page 338"
[1] "Done with page 339"
[1] "Done with page 340"
[1] "Done with page 341"
[1] "Done with page 342"
[1] "Done with page 343"
[1] "Done with page 344"
[1] "Done with page 345"
[1] "Done with page 346"
[1] "Done with page 347"
[1] "Done with page 348"
[1] "Done with page 349"
[1] "Done with page 350"
[1] "Done with page 351"
[1] "Done with page 352"
[1] "Done with page 353"
[1] "Done with page 354"
[1] "Done with page 355"
[1] "Done with page 356"
[1] "Done with page 357"
[1] "Done with page 358"
[1] "Done with page 359"
[1] "Done with page 360"
[1] "Done with page 361"
[1] "Done with page 362"
[1] "Done with page 363"
[1] "Done with page 364"
[1] "Done with page 365"
[1] "Done with page 366"
[1] "Done with page 367"
[1] "Done with page 368"
[1] "Done with page 369"
[1] "Done with page 370"
[1] "Done with page 371"
[1] "Done with page 372"
[1] "Done with page 373"
[1] "Done with page 374"
[1] "Done with page 375"
[1] "Done with page 376"
[1] "Done with page 377"
[1] "Done with page 378"
[1] "Done with page 379"
[1] "Done with page 380"
[1] "Done with page 381"
[1] "Done with page 382"
[1] "Done with page 383"
[1] "Done with page 384"
[1] "Done with page 385"
[1] "Done with page 386"
[1] "Done with page 387"
[1] "Done with page 388"
[1] "Done with page 389"
[1] "Done with page 390"
[1] "Done with page 391"
[1] "Done with page 392"
[1] "Done with page 393"
[1] "Done with page 394"
[1] "Done with page 395"
[1] "Done with page 396"
[1] "Done with page 397"
[1] "Done with page 398"
[1] "Done with page 399"
[1] "Done with page 400"
[1] "Done with page 401"
[1] "Done with page 402"
[1] "Done with page 403"
[1] "Done with page 404"
[1] "Done with page 405"
[1] "Done with page 406"
[1] "Done with page 407"
[1] "Done with page 408"
[1] "Done with page 409"
[1] "Done with page 410"
[1] "Done with page 411"
[1] "Done with page 412"
[1] "Done with page 413"
[1] "Done with page 414"
[1] "Done with page 415"
[1] "Done with page 416"
[1] "Done with page 417"
[1] "Done with page 418"
[1] "Done with page 419"
[1] "Done with page 420"
[1] "Done with page 421"
[1] "Done with page 422"
[1] "Done with page 423"
[1] "Done with page 424"
[1] "Done with page 425"
[1] "Done with page 426"
[1] "Done with page 427"
[1] "Done with page 428"
[1] "Done with page 429"
[1] "Done with page 430"
[1] "Done with page 431"
[1] "Done with page 432"
[1] "Done with page 433"
[1] "Done with page 434"
[1] "Done with page 435"
[1] "Done with page 436"
[1] "Done with page 437"
[1] "Done with page 438"
[1] "Done with page 439"
[1] "Done with page 440"
[1] "Done with page 441"
[1] "Done with page 442"
[1] "Done with page 443"
[1] "Done with page 444"
[1] "Done with page 445"
[1] "Done with page 446"
[1] "Done with page 447"
[1] "Done with page 448"
[1] "Done with page 449"
[1] "Done with page 450"
[1] "Done with page 451"
[1] "Done with page 452"
[1] "Done with page 453"
[1] "Done with page 454"
[1] "Done with page 455"
[1] "Done with page 456"
[1] "Done with page 457"
[1] "Done with page 458"
[1] "Done with page 459"
[1] "Done with page 460"
Error in open.connection(x, "rb") : HTTP error 400.
Calls: read_html -> read_html.default
Execution halted
During startup - Warning message:
Setting LC_CTYPE failed, using "C" 
Loading required package: xml2
Error in open.connection(x, "rb") : HTTP error 400.
Calls: read_html -> read_html.default
Execution halted
During startup - Warning message:
Setting LC_CTYPE failed, using "C" 
Loading required package: xml2
Error in open.connection(x, "rb") : HTTP error 400.
Calls: read_html -> read_html.default
Execution halted
